[Tue, 25 Jun 2013 18:57:04 GMT] INFO Server starting with config: {
  "environment": "development",
  "workers": 1,
  "port": 4000,
  "spdy": null,
  "ssl": null,
  "debug": true,
  "rotateWorkers": false,
  "rotationWindow": 7200000,
  "rotationTimeout": 300000,
  "logDir": "/Users/sarajchipps/Development/Girl Develop It/node-site/girl-develop-it/log",
  "gracefulShutdownTimeout": 30000,
  "heartbeatInterval": 5000,
  "heartbeatWindow": 20000,
  "staticFilePath": "/Users/sarajchipps/Development/Girl Develop It/node-site/girl-develop-it/public",
  "sessions": {
    "store": "memory",
    "key": "sid",
    "expiry": 1209600
  },
  "cookieSessionKey": "sdata",
  "metrics": null,
  "i18n": {
    "defaultLocale": "en-us",
    "loadPaths": [
      "/Users/sarajchipps/Development/Girl Develop It/node-site/girl-develop-it/config/locales"
    ]
  },
  "hostname": "localhost",
  "fullHostname": "http://localhost:4000",
  "connectCompatibility": false,
  "detailedErrors": true,
  "model": {
    "defaultAdapter": "memory"
  }
}
[Tue, 25 Jun 2013 18:57:04 GMT] INFO Creating 1 worker process.
[Tue, 25 Jun 2013 18:57:04 GMT] INFO Server worker running in development on port 4000 with a PID of: 5422
[Tue, 25 Jun 2013 18:57:04 GMT] DEBUG LOGGING STARTED ============================================
[Tue, 25 Jun 2013 18:57:04 GMT] DEBUG ============================================================
